<?xml version="1.0" encoding="UTF-8"?>
<Site BuildName="(empty)"
	BuildStamp="20251118-1226-Experimental"
	Name="Porh-PC"
	Generator="ctest-3.22.1"
	CompilerName="/usr/bin/clang++"
	CompilerVersion="14.0.0"
	OSName="Linux"
	Hostname="Porh-PC"
	OSRelease="6.6.87.2-microsoft-standard-WSL2"
	OSVersion="#1 SMP PREEMPT_DYNAMIC Thu Jun  5 18:30:46 UTC 2025"
	OSPlatform="x86_64"
	Is64Bits="1"
	VendorString="AuthenticAMD"
	VendorID="Advanced Micro Devices"
	FamilyID="23"
	ModelID="113"
	ProcessorCacheSize="512"
	NumberOfLogicalCPU="12"
	NumberOfPhysicalCPU="6"
	TotalVirtualMemory="2048"
	TotalPhysicalMemory="7887"
	LogicalProcessorsPerPhysical="2"
	ProcessorClockFrequency="3792.92"
	>
	<Testing>
		<StartDateTime>Nov 18 19:26 +07</StartDateTime>
		<StartTestTime>1763468768</StartTestTime>
		<TestList/>
		<EndDateTime>Nov 18 19:26 +07</EndDateTime>
		<EndTestTime>1763468768</EndTestTime>
		<ElapsedMinutes>0</ElapsedMinutes>
	</Testing>
</Site>
